  main.cpp
C:\Users\User\Desktop\CSCI3260\project\samples\CSCI3260-PROJECT\CSCI3260-PROJECT\CSCI3260 PROJECT\main.cpp(614,21): warning C4305: 'initializing': truncation from 'double' to 'float'
C:\Users\User\Desktop\CSCI3260\project\samples\CSCI3260-PROJECT\CSCI3260-PROJECT\CSCI3260 PROJECT\main.cpp(818,67): warning C4305: 'argument': truncation from 'double' to 'T'
          with
          [
              T=float
          ]
C:\Users\User\Desktop\CSCI3260\project\samples\CSCI3260-PROJECT\CSCI3260-PROJECT\CSCI3260 PROJECT\main.cpp(835,67): warning C4305: 'argument': truncation from 'double' to 'T'
          with
          [
              T=float
          ]
C:\Users\User\Desktop\CSCI3260\project\samples\CSCI3260-PROJECT\CSCI3260-PROJECT\CSCI3260 PROJECT\main.cpp(852,67): warning C4305: 'argument': truncation from 'double' to 'T'
          with
          [
              T=float
          ]
C:\Users\User\Desktop\CSCI3260\project\samples\CSCI3260-PROJECT\CSCI3260-PROJECT\CSCI3260 PROJECT\main.cpp(898,22): warning C4244: 'argument': conversion from 'double' to 'unsigned int', possible loss of data
C:\Users\User\Desktop\CSCI3260\project\samples\CSCI3260-PROJECT\CSCI3260-PROJECT\CSCI3260 PROJECT\main.cpp(902,23): warning C4018: '<': signed/unsigned mismatch
C:\Users\User\Desktop\CSCI3260\project\samples\CSCI3260-PROJECT\CSCI3260-PROJECT\CSCI3260 PROJECT\main.cpp(921,15): warning C4244: 'initializing': conversion from 'double' to 'float', possible loss of data
C:\Users\User\Desktop\CSCI3260\project\samples\CSCI3260-PROJECT\CSCI3260-PROJECT\CSCI3260 PROJECT\main.cpp(925,18): warning C4244: 'initializing': conversion from 'int' to 'float', possible loss of data
C:\Users\User\Desktop\CSCI3260\project\samples\CSCI3260-PROJECT\CSCI3260-PROJECT\CSCI3260 PROJECT\main.cpp(931,29): warning C4018: '<': signed/unsigned mismatch
C:\Users\User\Desktop\CSCI3260\project\samples\CSCI3260-PROJECT\CSCI3260-PROJECT\CSCI3260 PROJECT\main.cpp(934,73): warning C4267: 'argument': conversion from 'size_t' to 'GLsizei', possible loss of data
C:\Users\User\Desktop\CSCI3260\project\samples\CSCI3260-PROJECT\CSCI3260-PROJECT\CSCI3260 PROJECT\main.cpp(954,72): warning C4267: 'argument': conversion from 'size_t' to 'GLsizei', possible loss of data
C:\Users\User\Desktop\CSCI3260\project\samples\CSCI3260-PROJECT\CSCI3260-PROJECT\CSCI3260 PROJECT\main.cpp(959,72): warning C4267: 'argument': conversion from 'size_t' to 'GLsizei', possible loss of data
C:\Users\User\Desktop\CSCI3260\project\samples\CSCI3260-PROJECT\CSCI3260-PROJECT\CSCI3260 PROJECT\main.cpp(965,73): warning C4267: 'argument': conversion from 'size_t' to 'GLsizei', possible loss of data
C:\Users\User\Desktop\CSCI3260\project\samples\CSCI3260-PROJECT\CSCI3260-PROJECT\CSCI3260 PROJECT\main.cpp(972,73): warning C4267: 'argument': conversion from 'size_t' to 'GLsizei', possible loss of data
C:\Users\User\Desktop\CSCI3260\project\samples\CSCI3260-PROJECT\CSCI3260-PROJECT\CSCI3260 PROJECT\main.cpp(983,72): warning C4267: 'argument': conversion from 'size_t' to 'GLsizei', possible loss of data
C:\Users\User\Desktop\CSCI3260\project\samples\CSCI3260-PROJECT\CSCI3260-PROJECT\CSCI3260 PROJECT\main.cpp(988,72): warning C4267: 'argument': conversion from 'size_t' to 'GLsizei', possible loss of data
C:\Users\User\Desktop\CSCI3260\project\samples\CSCI3260-PROJECT\CSCI3260-PROJECT\CSCI3260 PROJECT\main.cpp(992,72): warning C4267: 'argument': conversion from 'size_t' to 'GLsizei', possible loss of data
C:\Users\User\Desktop\CSCI3260\project\samples\CSCI3260-PROJECT\CSCI3260-PROJECT\CSCI3260 PROJECT\main.cpp(1012,30): warning C4244: 'initializing': conversion from 'double' to 'int', possible loss of data
C:\Users\User\Desktop\CSCI3260\project\samples\CSCI3260-PROJECT\CSCI3260-PROJECT\CSCI3260 PROJECT\main.cpp(1176,20): warning C4305: '+=': truncation from 'double' to 'float'
C:\Users\User\Desktop\CSCI3260\project\samples\CSCI3260-PROJECT\CSCI3260-PROJECT\CSCI3260 PROJECT\main.cpp(1179,21): warning C4305: '+=': truncation from 'double' to 'float'
  CSCI3260 PROJECT.vcxproj -> C:\Users\User\Desktop\CSCI3260\project\samples\CSCI3260-PROJECT\CSCI3260-PROJECT\x64\Debug\CSCI3260 PROJECT.exe
